0 7.70178
0.096 7.7128
0.17675 7.75449
0.271889 7.81766
0.35225 7.8902
0.435167 7.96988
0.534306 8.05423
0.6225 8.15567
0.715306 8.26462
0.817611 8.37497
0.916167 8.49873
1.01517 8.63509
1.11275 8.77928
1.19656 8.91947
1.28269 9.05415
1.38775 9.19173
1.49133 9.33484
1.59178 9.48514
1.67342 9.63147
1.78297 9.78115
1.867 9.92505
1.95547 10.0541
2.06 10.1874
2.14956 10.3227
2.24403 10.4503
2.33931 10.5645
2.42372 10.6697
2.519 10.7686
2.62014 10.8482
2.70411 10.931
2.80736 11.0028
2.89872 11.0617
3.00286 11.1055
3.09147 11.1529
3.18722 11.1976
3.29072 11.2432
3.38125 11.2872
3.46711 11.3127
3.555 11.3276
3.67594 11.3544
3.77081 11.378
3.87617 11.3876
3.98136 11.4045
4.07692 11.4294
4.16992 11.4549
4.28731 11.4836
4.3775 11.5019
4.49181 11.5257
4.59492 11.5602
4.71453 11.6033
4.82242 11.6432
4.92697 11.6953
5.03533 11.7408
5.14497 11.7923
5.24864 11.8436
5.35078 11.897
5.45792 11.9529
5.56117 12.0049
5.66358 12.0529
5.80622 12.1169
5.92194 12.2048
6.05928 12.3047
6.19456 12.4233
6.29925 12.5231
6.43683 12.6209
6.54708 12.7262
6.68614 12.83
6.80914 12.9545
6.91297 13.0702
7.03444 13.1607
7.15897 13.2486
7.27586 13.341
7.384 13.4171
7.50547 13.4811
7.62853 13.5514
7.75575 13.6312
7.89769 13.7279
